{
"contracts/Marketplace.sol":{"l":{"16":8,"20":1,"25":4,"26":4,"27":4,"32":6,"33":6,"34":4,"36":2,"37":2,"38":2,"39":2,"40":2,"41":2,"42":2,"43":2},"path":"/home/kaijun/Documents/blockchain-ticketing/contracts/Marketplace.sol","s":{"1":8,"2":1,"3":4,"4":4,"5":4,"6":6,"7":6,"8":4,"9":2,"10":2,"11":2,"12":2,"13":2,"14":2,"15":2,"16":2},"b":{"1":[4,0],"2":[4,2],"3":[2,2],"4":[2,0]},"f":{"1":8,"2":1,"3":4,"4":6},"fnMap":{"1":{"name":"constructor","line":15,"loc":{"start":{"line":15,"column":2},"end":{"line":17,"column":2}}},"2":{"name":"withdraw","line":19,"loc":{"start":{"line":19,"column":2},"end":{"line":21,"column":2}}},"3":{"name":"toggleSale","line":24,"loc":{"start":{"line":24,"column":2},"end":{"line":28,"column":2}}},"4":{"name":"buyTicket","line":31,"loc":{"start":{"line":31,"column":2},"end":{"line":44,"column":2}}}},"statementMap":{"1":{"start":{"line":16,"column":4},"end":{"line":16,"column":21}},"2":{"start":{"line":20,"column":4},"end":{"line":20,"column":48}},"3":{"start":{"line":25,"column":4},"end":{"line":25,"column":43}},"4":{"start":{"line":26,"column":4},"end":{"line":26,"column":39}},"5":{"start":{"line":27,"column":4},"end":{"line":27,"column":48}},"6":{"start":{"line":32,"column":4},"end":{"line":32,"column":41}},"7":{"start":{"line":33,"column":4},"end":{"line":33,"column":36}},"8":{"start":{"line":34,"column":4},"end":{"line":34,"column":59}},"9":{"start":{"line":36,"column":4},"end":{"line":36,"column":91}},"10":{"start":{"line":37,"column":4},"end":{"line":37,"column":38}},"11":{"start":{"line":38,"column":4},"end":{"line":38,"column":27}},"12":{"start":{"line":39,"column":4},"end":{"line":39,"column":36}},"13":{"start":{"line":40,"column":4},"end":{"line":40,"column":32}},"14":{"start":{"line":41,"column":4},"end":{"line":41,"column":50}},"15":{"start":{"line":42,"column":4},"end":{"line":42,"column":48}},"16":{"start":{"line":43,"column":4},"end":{"line":43,"column":37}}},"branchMap":{"1":{"line":25,"type":"if","locations":[{"start":{"line":25,"column":4},"end":{"line":25,"column":4}},{"start":{"line":25,"column":4},"end":{"line":25,"column":4}}]},"2":{"line":33,"type":"if","locations":[{"start":{"line":33,"column":4},"end":{"line":33,"column":4}},{"start":{"line":33,"column":4},"end":{"line":33,"column":4}}]},"3":{"line":34,"type":"if","locations":[{"start":{"line":34,"column":4},"end":{"line":34,"column":4}},{"start":{"line":34,"column":4},"end":{"line":34,"column":4}}]},"4":{"line":36,"type":"if","locations":[{"start":{"line":36,"column":4},"end":{"line":36,"column":4}},{"start":{"line":36,"column":4},"end":{"line":36,"column":4}}]}}},
"contracts/TicketsFactory.sol":{"l":{"22":15,"26":8,"27":6,"32":8,"33":8,"34":8,"35":8,"36":8,"37":8,"38":8,"42":3,"43":3,"44":3,"45":1,"46":1,"50":1,"54":0,"58":0,"62":8},"path":"/home/kaijun/Documents/blockchain-ticketing/contracts/TicketsFactory.sol","s":{"1":15,"2":8,"3":8,"4":8,"5":8,"6":8,"7":8,"8":8,"9":8,"10":3,"11":3,"12":3,"13":1,"14":1,"15":1,"16":0,"17":0},"b":{"1":[6,2],"2":[3,0],"3":[1,2]},"f":{"1":15,"2":8,"3":8,"4":3,"5":1,"6":0,"7":0,"8":8},"fnMap":{"1":{"name":"constructor","line":21,"loc":{"start":{"line":21,"column":2},"end":{"line":23,"column":2}}},"2":{"name":"eventNotStarted","line":25,"loc":{"start":{"line":25,"column":2},"end":{"line":28,"column":2}}},"3":{"name":"createTicket","line":30,"loc":{"start":{"line":30,"column":2},"end":{"line":39,"column":2}}},"4":{"name":"changeTicketPrice","line":41,"loc":{"start":{"line":41,"column":2},"end":{"line":47,"column":2}}},"5":{"name":"startEvent","line":49,"loc":{"start":{"line":49,"column":2},"end":{"line":51,"column":2}}},"6":{"name":"getOnSaleLength","line":53,"loc":{"start":{"line":53,"column":2},"end":{"line":55,"column":2}}},"7":{"name":"getOwnersLength","line":57,"loc":{"start":{"line":57,"column":2},"end":{"line":59,"column":2}}},"8":{"name":"_incrementTokenId","line":61,"loc":{"start":{"line":61,"column":2},"end":{"line":63,"column":2}}}},"statementMap":{"1":{"start":{"line":22,"column":4},"end":{"line":22,"column":46}},"2":{"start":{"line":26,"column":4},"end":{"line":26,"column":33}},"3":{"start":{"line":32,"column":4},"end":{"line":32,"column":37}},"4":{"start":{"line":33,"column":4},"end":{"line":33,"column":40}},"5":{"start":{"line":34,"column":4},"end":{"line":34,"column":48}},"6":{"start":{"line":35,"column":4},"end":{"line":35,"column":21}},"7":{"start":{"line":36,"column":4},"end":{"line":36,"column":26}},"8":{"start":{"line":37,"column":4},"end":{"line":37,"column":43}},"9":{"start":{"line":38,"column":4},"end":{"line":38,"column":22}},"10":{"start":{"line":42,"column":4},"end":{"line":42,"column":43}},"11":{"start":{"line":43,"column":4},"end":{"line":43,"column":57}},"12":{"start":{"line":44,"column":4},"end":{"line":44,"column":100}},"13":{"start":{"line":45,"column":4},"end":{"line":45,"column":33}},"14":{"start":{"line":46,"column":4},"end":{"line":46,"column":36}},"15":{"start":{"line":50,"column":4},"end":{"line":50,"column":22}},"16":{"start":{"line":54,"column":4},"end":{"line":54,"column":24}},"17":{"start":{"line":58,"column":4},"end":{"line":58,"column":24}}},"branchMap":{"1":{"line":26,"type":"if","locations":[{"start":{"line":26,"column":4},"end":{"line":26,"column":4}},{"start":{"line":26,"column":4},"end":{"line":26,"column":4}}]},"2":{"line":42,"type":"if","locations":[{"start":{"line":42,"column":4},"end":{"line":42,"column":4}},{"start":{"line":42,"column":4},"end":{"line":42,"column":4}}]},"3":{"line":44,"type":"if","locations":[{"start":{"line":44,"column":4},"end":{"line":44,"column":4}},{"start":{"line":44,"column":4},"end":{"line":44,"column":4}}]}}}}
