TN:
SF:/home/kaijun/Documents/blockchain-ticketing/contracts/Marketplace.sol
FN:15,constructor
FN:19,withdraw
FN:24,toggleSale
FN:31,buyTicket
FNF:4
FNH:4
FNDA:8,constructor
FNDA:1,withdraw
FNDA:4,toggleSale
FNDA:6,buyTicket
DA:16,8
DA:20,1
DA:25,4
DA:26,4
DA:27,4
DA:32,6
DA:33,6
DA:34,4
DA:36,2
DA:37,2
DA:38,2
DA:39,2
DA:40,2
DA:41,2
DA:42,2
DA:43,2
LF:16
LH:16
BRDA:25,1,0,4
BRDA:25,1,1,0
BRDA:33,2,0,4
BRDA:33,2,1,2
BRDA:34,3,0,2
BRDA:34,3,1,2
BRDA:36,4,0,2
BRDA:36,4,1,0
BRF:8
BRH:6
end_of_record
TN:
SF:/home/kaijun/Documents/blockchain-ticketing/contracts/TicketsFactory.sol
FN:21,constructor
FN:25,eventNotStarted
FN:30,createTicket
FN:41,changeTicketPrice
FN:49,startEvent
FN:53,getOnSaleLength
FN:57,getOwnersLength
FN:61,_incrementTokenId
FNF:8
FNH:6
FNDA:15,constructor
FNDA:8,eventNotStarted
FNDA:8,createTicket
FNDA:3,changeTicketPrice
FNDA:1,startEvent
FNDA:0,getOnSaleLength
FNDA:0,getOwnersLength
FNDA:8,_incrementTokenId
DA:22,15
DA:26,8
DA:27,6
DA:32,8
DA:33,8
DA:34,8
DA:35,8
DA:36,8
DA:37,8
DA:38,8
DA:42,3
DA:43,3
DA:44,3
DA:45,1
DA:46,1
DA:50,1
DA:54,0
DA:58,0
DA:62,8
LF:19
LH:17
BRDA:26,1,0,6
BRDA:26,1,1,2
BRDA:42,2,0,3
BRDA:42,2,1,0
BRDA:44,3,0,1
BRDA:44,3,1,2
BRF:6
BRH:5
end_of_record
