TN:
SF:/home/kaijun/Documents/blockchain-ticketing/contracts/Marketplace.sol
FN:15,constructor
FN:19,withdraw
FN:24,toggleSale
FN:31,buyTicket
FNF:4
FNH:4
FNDA:10,constructor
FNDA:1,withdraw
FNDA:17,toggleSale
FNDA:18,buyTicket
DA:20,1
DA:25,17
DA:26,15
DA:27,15
DA:32,18
DA:33,18
DA:34,16
DA:36,14
DA:37,12
DA:38,12
DA:39,12
DA:40,12
DA:41,12
DA:42,12
DA:43,12
LF:15
LH:15
BRDA:25,1,0,15
BRDA:25,1,1,2
BRDA:33,2,0,16
BRDA:33,2,1,2
BRDA:34,3,0,14
BRDA:34,3,1,2
BRDA:36,4,0,12
BRDA:36,4,1,2
BRF:8
BRH:8
end_of_record
TN:
SF:/home/kaijun/Documents/blockchain-ticketing/contracts/TicketsFactory.sol
FN:21,constructor
FN:25,eventNotStarted
FN:30,createTicket
FN:41,changeTicketPrice
FN:49,startEvent
FN:53,getOnSaleLength
FN:57,getOwnersLength
FN:61,_incrementTokenId
FNF:8
FNH:8
FNDA:19,constructor
FNDA:20,eventNotStarted
FNDA:22,createTicket
FNDA:5,changeTicketPrice
FNDA:1,startEvent
FNDA:1,getOnSaleLength
FNDA:1,getOwnersLength
FNDA:22,_incrementTokenId
DA:22,19
DA:26,20
DA:27,18
DA:32,22
DA:33,22
DA:34,22
DA:35,22
DA:36,22
DA:37,22
DA:38,22
DA:42,5
DA:43,3
DA:44,3
DA:45,1
DA:46,1
DA:50,1
DA:54,1
DA:58,1
DA:62,22
LF:19
LH:19
BRDA:26,1,0,18
BRDA:26,1,1,2
BRDA:42,2,0,3
BRDA:42,2,1,2
BRDA:44,3,0,1
BRDA:44,3,1,2
BRF:6
BRH:6
end_of_record
